#! /usr/local/Cellar/icarus-verilog/10.2_1/bin/vvp
:ivl_version "10.2 (stable)" "(v10_2)";
:ivl_delay_selection "TYPICAL";
:vpi_time_precision - 12;
:vpi_module "system";
:vpi_module "vhdl_sys";
:vpi_module "v2005_math";
:vpi_module "va_math";
S_0x7f8955500040 .scope module, "sim_HDMI" "sim_HDMI" 2 2;
 .timescale -9 -12;
P_0x7f8955501810 .param/l "STEP" 0 2 3, +C4<00000000000000000000000000000101>;
P_0x7f8955501850 .param/l "n" 0 2 4, +C4<00000000000010100010010110101000>;
v0x7f895552a380_0 .var "clk", 0 0;
v0x7f895552a450_0 .net "de", 0 0, L_0x7f895552b550;  1 drivers
v0x7f895552a520_0 .net "hsync", 0 0, L_0x7f895552ab10;  1 drivers
v0x7f895552a5f0_0 .var "rst", 0 0;
v0x7f895552a6c0_0 .net "vsync", 0 0, L_0x7f895552b0e0;  1 drivers
S_0x7f8955502970 .scope module, "HDMI_Top" "HDMI_Top" 2 12, 3 1 0, S_0x7f8955500040;
 .timescale 0 0;
    .port_info 0 /INPUT 1 "sysclk"
    .port_info 1 /INPUT 1 "rst"
    .port_info 2 /OUTPUT 1 "hsync"
    .port_info 3 /OUTPUT 1 "vsync"
    .port_info 4 /OUTPUT 1 "de"
P_0x7f8955518fb0 .param/l "H_ACTIVE_PIXEL" 0 3 15, C4<01100100000>;
P_0x7f8955518ff0 .param/l "H_BACK_PORCH" 0 3 18, C4<00001011000>;
P_0x7f8955519030 .param/l "H_BLANKING" 0 3 19, C4<00100000000>;
P_0x7f8955519070 .param/l "H_FRONT_PORCH" 0 3 16, C4<00000101000>;
P_0x7f89555190b0 .param/l "H_SYNC_WIDTH" 0 3 17, C4<00010000000>;
P_0x7f89555190f0 .param/l "H_TOTAL" 0 3 20, C4<10000100000>;
P_0x7f8955519130 .param/l "H_WIDTH" 0 3 21, C4<00000001011>;
P_0x7f8955519170 .param/l "V_ACTIVE_LINE" 0 3 24, C4<01001011000>;
P_0x7f89555191b0 .param/l "V_BACK_PORCH" 0 3 27, C4<00000010111>;
P_0x7f89555191f0 .param/l "V_BLANKING" 0 3 28, C4<00000011100>;
P_0x7f8955519230 .param/l "V_FRONT_PORCH" 0 3 25, C4<00000000001>;
P_0x7f8955519270 .param/l "V_SYNC_WIDTH" 0 3 26, C4<00000000100>;
P_0x7f89555192b0 .param/l "V_TOTAL" 0 3 29, C4<01001110100>;
P_0x7f89555192f0 .param/l "V_WIDTH" 0 3 30, C4<00000001010>;
v0x7f895552a020_0 .net "de", 0 0, L_0x7f895552b550;  alias, 1 drivers
v0x7f895552a0b0_0 .net "hsync", 0 0, L_0x7f895552ab10;  alias, 1 drivers
v0x7f895552a140_0 .net "rst", 0 0, v0x7f895552a5f0_0;  1 drivers
v0x7f895552a1d0_0 .net "sysclk", 0 0, v0x7f895552a380_0;  1 drivers
v0x7f895552a280_0 .net "vsync", 0 0, L_0x7f895552b0e0;  alias, 1 drivers
S_0x7f8955509bb0 .scope module, "HDMI_Timing" "HDMI_Timing" 3 62, 4 1 0, S_0x7f8955502970;
 .timescale 0 0;
    .port_info 0 /INPUT 1 "clk"
    .port_info 1 /INPUT 1 "rst"
    .port_info 2 /OUTPUT 1 "hsync"
    .port_info 3 /OUTPUT 1 "vsync"
    .port_info 4 /OUTPUT 1 "de"
P_0x7f8955519330 .param/l "H_ACTIVE_PIXEL" 0 4 3, C4<01100100000>;
P_0x7f8955519370 .param/l "H_BACK_PORCH" 0 4 6, C4<00001011000>;
P_0x7f89555193b0 .param/l "H_BLANKING" 0 4 7, C4<00100000000>;
P_0x7f89555193f0 .param/l "H_FRONT_PORCH" 0 4 4, C4<00000101000>;
P_0x7f8955519430 .param/l "H_SYNC_WIDTH" 0 4 5, C4<00010000000>;
P_0x7f8955519470 .param/l "H_TOTAL" 0 4 8, C4<10000100000>;
P_0x7f89555194b0 .param/l "H_WIDTH" 0 4 9, C4<00000001011>;
P_0x7f89555194f0 .param/l "V_ACTIVE_LINE" 0 4 12, C4<01001011000>;
P_0x7f8955519530 .param/l "V_BACK_PORCH" 0 4 15, C4<00000010111>;
P_0x7f8955519570 .param/l "V_BLANKING" 0 4 16, C4<00000011100>;
P_0x7f89555195b0 .param/l "V_FRONT_PORCH" 0 4 13, C4<00000000001>;
P_0x7f89555195f0 .param/l "V_SYNC_WIDTH" 0 4 14, C4<00000000100>;
P_0x7f8955519630 .param/l "V_TOTAL" 0 4 17, C4<01001110100>;
P_0x7f8955519670 .param/l "V_WIDTH" 0 4 18, C4<00000001010>;
L_0x7f895552ab10 .functor AND 1, L_0x7f895552a7d0, L_0x7f895552a9d0, C4<1>, C4<1>;
L_0x7f895552b0e0 .functor AND 1, L_0x7f895552ad60, L_0x7f895552afc0, C4<1>, C4<1>;
L_0x7f895552b550 .functor AND 1, L_0x7f895552b1d0, L_0x7f895552b430, C4<1>, C4<1>;
L_0x104d80008 .functor BUFT 1, C4<01111001000>, C4<0>, C4<0>, C4<0>;
v0x7f8955528c40_0 .net/2u *"_s0", 10 0, L_0x104d80008;  1 drivers
v0x7f8955528d00_0 .net *"_s10", 0 0, L_0x7f895552a9d0;  1 drivers
v0x7f8955528da0_0 .net *"_s14", 10 0, L_0x7f895552ac00;  1 drivers
L_0x104d800e0 .functor BUFT 1, C4<0>, C4<0>, C4<0>, C4<0>;
v0x7f8955528e60_0 .net *"_s17", 0 0, L_0x104d800e0;  1 drivers
L_0x104d80128 .functor BUFT 1, C4<01001011101>, C4<0>, C4<0>, C4<0>;
v0x7f8955528f10_0 .net/2u *"_s18", 10 0, L_0x104d80128;  1 drivers
v0x7f8955529000_0 .net *"_s2", 0 0, L_0x7f895552a7d0;  1 drivers
v0x7f89555290a0_0 .net *"_s20", 0 0, L_0x7f895552ad60;  1 drivers
v0x7f8955529140_0 .net *"_s22", 31 0, L_0x7f895552ae80;  1 drivers
L_0x104d80170 .functor BUFT 1, C4<0000000000000000000000>, C4<0>, C4<0>, C4<0>;
v0x7f89555291f0_0 .net *"_s25", 21 0, L_0x104d80170;  1 drivers
L_0x104d801b8 .functor BUFT 1, C4<00000000000000000000001001011000>, C4<0>, C4<0>, C4<0>;
v0x7f8955529300_0 .net/2u *"_s26", 31 0, L_0x104d801b8;  1 drivers
v0x7f89555293b0_0 .net *"_s28", 0 0, L_0x7f895552afc0;  1 drivers
L_0x104d80200 .functor BUFT 1, C4<01100100000>, C4<0>, C4<0>, C4<0>;
v0x7f8955529450_0 .net/2u *"_s32", 10 0, L_0x104d80200;  1 drivers
v0x7f8955529500_0 .net *"_s34", 0 0, L_0x7f895552b1d0;  1 drivers
v0x7f89555295a0_0 .net *"_s36", 10 0, L_0x7f895552b2b0;  1 drivers
L_0x104d80248 .functor BUFT 1, C4<0>, C4<0>, C4<0>, C4<0>;
v0x7f8955529650_0 .net *"_s39", 0 0, L_0x104d80248;  1 drivers
v0x7f8955529700_0 .net *"_s4", 31 0, L_0x7f895552a8b0;  1 drivers
L_0x104d80290 .functor BUFT 1, C4<01001011000>, C4<0>, C4<0>, C4<0>;
v0x7f89555297b0_0 .net/2u *"_s40", 10 0, L_0x104d80290;  1 drivers
v0x7f8955529940_0 .net *"_s42", 0 0, L_0x7f895552b430;  1 drivers
L_0x104d80050 .functor BUFT 1, C4<000000000000000000000>, C4<0>, C4<0>, C4<0>;
v0x7f89555299d0_0 .net *"_s7", 20 0, L_0x104d80050;  1 drivers
L_0x104d80098 .functor BUFT 1, C4<00000000000000000000001101000111>, C4<0>, C4<0>, C4<0>;
v0x7f8955529a70_0 .net/2u *"_s8", 31 0, L_0x104d80098;  1 drivers
v0x7f8955529b20_0 .net "clk", 0 0, v0x7f895552a380_0;  alias, 1 drivers
v0x7f8955529bc0_0 .net "de", 0 0, L_0x7f895552b550;  alias, 1 drivers
v0x7f8955529c60_0 .var "h_cnt", 10 0;
v0x7f8955529d10_0 .net "hsync", 0 0, L_0x7f895552ab10;  alias, 1 drivers
v0x7f8955529db0_0 .net "rst", 0 0, v0x7f895552a5f0_0;  alias, 1 drivers
v0x7f8955529e50_0 .var "v_cnt", 9 0;
v0x7f8955529f00_0 .net "vsync", 0 0, L_0x7f895552b0e0;  alias, 1 drivers
E_0x7f8955503940 .event posedge, v0x7f8955529b20_0;
L_0x7f895552a7d0 .cmp/gt 11, L_0x104d80008, v0x7f8955529c60_0;
L_0x7f895552a8b0 .concat [ 11 21 0 0], v0x7f8955529c60_0, L_0x104d80050;
L_0x7f895552a9d0 .cmp/gt 32, L_0x7f895552a8b0, L_0x104d80098;
L_0x7f895552ac00 .concat [ 10 1 0 0], v0x7f8955529e50_0, L_0x104d800e0;
L_0x7f895552ad60 .cmp/gt 11, L_0x104d80128, L_0x7f895552ac00;
L_0x7f895552ae80 .concat [ 10 22 0 0], v0x7f8955529e50_0, L_0x104d80170;
L_0x7f895552afc0 .cmp/gt 32, L_0x7f895552ae80, L_0x104d801b8;
L_0x7f895552b1d0 .cmp/gt 11, L_0x104d80200, v0x7f8955529c60_0;
L_0x7f895552b2b0 .concat [ 10 1 0 0], v0x7f8955529e50_0, L_0x104d80248;
L_0x7f895552b430 .cmp/gt 11, L_0x104d80290, L_0x7f895552b2b0;
S_0x7f8955509d10 .scope function, "out_hsync" "out_hsync" 4 60, 4 60 0, S_0x7f8955509bb0;
 .timescale 0 0;
v0x7f8955503020_0 .var "h_cnt", 10 0;
v0x7f8955528890_0 .var "out_hsync", 0 0;
TD_sim_HDMI.HDMI_Top.HDMI_Timing.out_hsync ;
    %load/vec4 v0x7f8955503020_0;
    %cmpi/u 968, 0, 11;
    %flag_get/vec4 5;
    %pushi/vec4 839, 0, 32;
    %load/vec4 v0x7f8955503020_0;
    %pad/u 32;
    %cmp/u;
    %flag_get/vec4 5;
    %and;
    %flag_set/vec4 8;
    %jmp/0xz  T_0.0, 8;
    %pushi/vec4 1, 0, 1;
    %store/vec4 v0x7f8955528890_0, 0, 1;
    %jmp T_0.1;
T_0.0 ;
    %pushi/vec4 0, 0, 1;
    %store/vec4 v0x7f8955528890_0, 0, 1;
T_0.1 ;
    %end;
S_0x7f8955528930 .scope function, "out_vsync" "out_vsync" 4 70, 4 70 0, S_0x7f8955509bb0;
 .timescale 0 0;
v0x7f8955528af0_0 .var "out_vsync", 0 0;
v0x7f8955528b90_0 .var "v_cnt", 9 0;
TD_sim_HDMI.HDMI_Top.HDMI_Timing.out_vsync ;
    %load/vec4 v0x7f8955528b90_0;
    %pad/u 11;
    %cmpi/u 605, 0, 11;
    %flag_get/vec4 5;
    %pushi/vec4 600, 0, 32;
    %load/vec4 v0x7f8955528b90_0;
    %pad/u 32;
    %cmp/u;
    %flag_get/vec4 5;
    %and;
    %flag_set/vec4 8;
    %jmp/0xz  T_1.2, 8;
    %pushi/vec4 1, 0, 1;
    %store/vec4 v0x7f8955528af0_0, 0, 1;
    %jmp T_1.3;
T_1.2 ;
    %pushi/vec4 0, 0, 1;
    %store/vec4 v0x7f8955528af0_0, 0, 1;
T_1.3 ;
    %end;
    .scope S_0x7f8955509bb0;
T_2 ;
    %wait E_0x7f8955503940;
    %load/vec4 v0x7f8955529db0_0;
    %inv;
    %flag_set/vec4 8;
    %jmp/0xz  T_2.0, 8;
    %pushi/vec4 0, 0, 11;
    %assign/vec4 v0x7f8955529c60_0, 0;
    %jmp T_2.1;
T_2.0 ;
    %load/vec4 v0x7f8955529c60_0;
    %pad/u 32;
    %cmpi/e 1055, 0, 32;
    %jmp/0xz  T_2.2, 4;
    %pushi/vec4 0, 0, 11;
    %assign/vec4 v0x7f8955529c60_0, 0;
    %jmp T_2.3;
T_2.2 ;
    %load/vec4 v0x7f8955529c60_0;
    %addi 1, 0, 11;
    %assign/vec4 v0x7f8955529c60_0, 0;
T_2.3 ;
T_2.1 ;
    %jmp T_2;
    .thread T_2;
    .scope S_0x7f8955509bb0;
T_3 ;
    %wait E_0x7f8955503940;
    %load/vec4 v0x7f8955529db0_0;
    %inv;
    %flag_set/vec4 8;
    %jmp/0xz  T_3.0, 8;
    %pushi/vec4 0, 0, 10;
    %assign/vec4 v0x7f8955529e50_0, 0;
    %jmp T_3.1;
T_3.0 ;
    %load/vec4 v0x7f8955529c60_0;
    %pad/u 32;
    %cmpi/e 1055, 0, 32;
    %jmp/0xz  T_3.2, 4;
    %load/vec4 v0x7f8955529e50_0;
    %addi 1, 0, 10;
    %assign/vec4 v0x7f8955529e50_0, 0;
    %jmp T_3.3;
T_3.2 ;
    %load/vec4 v0x7f8955529e50_0;
    %pad/u 32;
    %cmpi/e 627, 0, 32;
    %jmp/0xz  T_3.4, 4;
    %pushi/vec4 0, 0, 10;
    %assign/vec4 v0x7f8955529e50_0, 0;
T_3.4 ;
T_3.3 ;
T_3.1 ;
    %jmp T_3;
    .thread T_3;
    .scope S_0x7f8955500040;
T_4 ;
    %pushi/vec4 0, 0, 1;
    %store/vec4 v0x7f895552a380_0, 0, 1;
T_4.0 ;
    %delay 2000, 0;
    %load/vec4 v0x7f895552a380_0;
    %inv;
    %store/vec4 v0x7f895552a380_0, 0, 1;
    %jmp T_4.0;
    %end;
    .thread T_4;
    .scope S_0x7f8955500040;
T_5 ;
    %pushi/vec4 1, 0, 1;
    %store/vec4 v0x7f895552a5f0_0, 0, 1;
    %delay 5000, 0;
    %load/vec4 v0x7f895552a5f0_0;
    %inv;
    %store/vec4 v0x7f895552a5f0_0, 0, 1;
    %delay 5000, 0;
    %load/vec4 v0x7f895552a5f0_0;
    %inv;
    %store/vec4 v0x7f895552a5f0_0, 0, 1;
    %end;
    .thread T_5;
    .scope S_0x7f8955500040;
T_6 ;
    %delay 3325000000, 0;
    %vpi_call 2 33 "$finish" {0 0 0};
    %end;
    .thread T_6;
    .scope S_0x7f8955500040;
T_7 ;
    %vpi_call 2 37 "$dumpfile", "HDMI_Top.vcd" {0 0 0};
    %vpi_call 2 38 "$dumpvars", 32'sb00000000000000000000000000000000, S_0x7f8955502970 {0 0 0};
    %end;
    .thread T_7;
# The file index is used to find the file name in the following table.
:file_names 5;
    "N/A";
    "<interactive>";
    "sim_HDMI.v";
    "HDMI_Top.v";
    "HDMI_Timing.v";
